#
# A fatal error has been detected by the Java Runtime Environment:
#
#  EXCEPTION_ACCESS_VIOLATION (0xc0000005) at pc=0x00007ff88df74e72, pid=30584, tid=14176
#
# JRE version: Java(TM) SE Runtime Environment (20.0.2+9) (build 20.0.2+9-78)
# Java VM: Java HotSpot(TM) 64-Bit Server VM (20.0.2+9-78, mixed mode, sharing, tiered, compressed oops, compressed class ptrs, g1 gc, windows-amd64)
# Problematic frame:
# V  [jvm.dll+0x5e4e72]
#
# No core dump will be written. Minidumps are not enabled by default on client versions of Windows
#
# If you would like to submit a bug report, please visit:
#   https://bugreport.java.com/bugreport/crash.jsp
#

---------------  S U M M A R Y ------------

Command Line: -javaagent:C:\Program Files\JetBrains\IntelliJ IDEA Community Edition 2023.2.1\lib\idea_rt.jar=49586:C:\Program Files\JetBrains\IntelliJ IDEA Community Edition 2023.2.1\bin -Dfile.encoding=UTF-8 -Dsun.stdout.encoding=UTF-8 -Dsun.stderr.encoding=UTF-8 Main

Host: AMD Ryzen 5 5600X 6-Core Processor             , 12 cores, 31G,  Windows 10 , 64 bit Build 19041 (10.0.19041.3393)
Time: Tue Sep 19 07:45:41 2023 Türkiye Standart Saati elapsed time: 1.254150 seconds (0d 0h 0m 1s)

---------------  T H R E A D  ---------------

Current thread (0x0000012e5c388110):  JavaThread "C2 CompilerThread2" daemon [_thread_in_native, id=14176, stack(0x000000168ab00000,0x000000168ac00000)]


Current CompileTask:
C2:   1254  614 %     4       Main::isAsal @ 0 (55 bytes)

Stack: [0x000000168ab00000,0x000000168ac00000],  sp=0x000000168abfa7c0,  free space=1001k
Native frames: (J=compiled Java code, j=interpreted, Vv=VM code, C=native code)
V  [jvm.dll+0x5e4e72]
V  [jvm.dll+0x5e4b74]
V  [jvm.dll+0x5e3df8]
V  [jvm.dll+0x254684]
V  [jvm.dll+0x254a4f]
V  [jvm.dll+0x24d23d]
V  [jvm.dll+0x24a819]
V  [jvm.dll+0x1ce761]
V  [jvm.dll+0x25a0eb]
V  [jvm.dll+0x2587c0]
V  [jvm.dll+0x3f2dd5]
V  [jvm.dll+0x7f5c76]
V  [jvm.dll+0x6baecb]
C  [ucrtbase.dll+0x21bb2]
C  [KERNEL32.DLL+0x17344]
C  [ntdll.dll+0x526b1]


siginfo: EXCEPTION_ACCESS_VIOLATION (0xc0000005), reading address 0x0000000000000008


Registers:
RAX=0x0000012e5cc9ec70, RBX=0x0000000000000000, RCX=0x0000000000000000, RDX=0x000000168abfac20
RSP=0x000000168abfa7c0, RBP=0x0000012e5c8866b8, RSI=0x0000012e5d4158b0, RDI=0x000000168abfabf0
R8 =0x0000012e5cc9ec70, R9 =0x0000000000000800, R10=0x00007ff8e0700000, R11=0x00007ff8e0701b5f
R12=0x0000000000000000, R13=0x000000168abfa8b0, R14=0x0000012e5cbed968, R15=0x0000012e5c86ef88
RIP=0x00007ff88df74e72, EFLAGS=0x0000000000010206


Register to memory mapping:

RIP=0x00007ff88df74e72 jvm.dll
RAX=0x0000012e5cc9ec70 points into unknown readable memory: 0x0000000000000000 | 00 00 00 00 00 00 00 00
RBX=0x0 is NULL
RCX=0x0 is NULL
RDX=0x000000168abfac20 is pointing into the stack for thread: 0x0000012e5c388110
RSP=0x000000168abfa7c0 is pointing into the stack for thread: 0x0000012e5c388110
RBP=0x0000012e5c8866b8 points into unknown readable memory: 0x00007ff88e2d2410 | 10 24 2d 8e f8 7f 00 00
RSI=0x0000012e5d4158b0 points into unknown readable memory: 0x0000000000000000 | 00 00 00 00 00 00 00 00
RDI=0x000000168abfabf0 is pointing into the stack for thread: 0x0000012e5c388110
R8 =0x0000012e5cc9ec70 points into unknown readable memory: 0x0000000000000000 | 00 00 00 00 00 00 00 00
R9 =0x0000000000000800 is an unknown value
R10=0x00007ff8e0700000 VCRUNTIME140.dll
R11=0x00007ff8e0701b5f VCRUNTIME140.dll
R12=0x0 is NULL
R13=0x000000168abfa8b0 is pointing into the stack for thread: 0x0000012e5c388110
R14=0x0000012e5cbed968 points into unknown readable memory: 0x00007ff88e35bf90 | 90 bf 35 8e f8 7f 00 00
R15=0x0000012e5c86ef88 points into unknown readable memory: 0x00007ff88e2d28b8 | b8 28 2d 8e f8 7f 00 00


Top of Stack: (sp=0x000000168abfa7c0)
0x000000168abfa7c0:   0000000000000002 0000012e5cbedfb0
0x000000168abfa7d0:   0000012e5c86ef88 00007ff88e1c21ee
0x000000168abfa7e0:   0000012e5cbed968 000000168abfa8b0
0x000000168abfa7f0:   000000168abfa8d0 0000000000000018
0x000000168abfa800:   0000000000000001 000000168abfa8f0
0x000000168abfa810:   0000012e5cbedfe8 00007ff88df74b74
0x000000168abfa820:   0000000000000002 0000012e5c86ef88
0x000000168abfa830:   000000168abfa980 0000000000000001
0x000000168abfa840:   0000012e6e4a5d40 0000000000000000
0x000000168abfa850:   0000012e5c212ee8 000000168abfa980
0x000000168abfa860:   0000012e5c4a4b00 0000000000000000
0x000000168abfa870:   000000168abfabf0 00007ff88df73df8
0x000000168abfa880:   000000168abfabf0 0000000000000001
0x000000168abfa890:   0000012e00000001 000000168abfa8f0
0x000000168abfa8a0:   000000168abff160 00007ff88e19571f
0x000000168abfa8b0:   0000012e5c341ca0 0000012e00000040
0x000000168abfa8c0:   0000012e5cca5c58 0000012e00000019
0x000000168abfa8d0:   0000012e00000040 0000012e5cca5b58
0x000000168abfa8e0:   0000012e00000040 0000012e5c341ca0
0x000000168abfa8f0:   0000012e5cca48f8 0000012e5cca5b38
0x000000168abfa900:   0000012e5cca4858 0000012e5c341ca0
0x000000168abfa910:   0000012e5c341ca0 0000000000000004
0x000000168abfa920:   0000012e5cca4838 0000001600000000
0x000000168abfa930:   0000000000000000 00007ff88e02b630
0x000000168abfa940:   0000012e5c886878 0000000000000012
0x000000168abfa950:   0000012e5c889860 00007ff88dbe61c1
0x000000168abfa960:   000000168abfe470 00007ff88da52bee
0x000000168abfa970:   000000168abfb8c0 0000012e5c304e08
0x000000168abfa980:   0000012e6e4a5d40 00007ff88e06fe3e
0x000000168abfa990:   0000000000000050 00007ff88e02a16c
0x000000168abfa9a0:   0000000000000020 000000000000001a
0x000000168abfa9b0:   0000000000000004 000000168abfaa18 

Instructions: (pc=0x00007ff88df74e72)
0x00007ff88df74d72:   30 45 33 e4 4c 89 24 d8 4c 8b 64 24 30 48 83 c4
0x00007ff88df74d82:   40 41 5e 5f 5b c3 49 8b d6 4c 89 7c 24 20 48 8b
0x00007ff88df74d92:   cf e8 08 bd fe ff 45 33 c9 48 89 44 24 68 4c 8b
0x00007ff88df74da2:   c0 49 8b d6 48 8b cf 4c 8b f8 e8 6f 14 00 00 41
0x00007ff88df74db2:   8b 4e 2c 48 8b d8 83 e1 3f 80 f9 30 75 19 49 3b
0x00007ff88df74dc2:   c7 74 14 4c 8b c8 4d 8b c7 49 8b d6 48 8b cf e8
0x00007ff88df74dd2:   1a 4c 00 00 48 8b d8 48 89 74 24 38 48 85 db 75
0x00007ff88df74de2:   54 41 8b 5e 28 3b 5f 28 72 0b 8b d3 48 8d 4f 20
0x00007ff88df74df2:   e8 19 53 0b 00 48 8b 47 30 45 33 e4 4c 89 24 d8
0x00007ff88df74e02:   8b 9f d0 09 00 00 8d 43 01 89 87 d0 09 00 00 3b
0x00007ff88df74e12:   9f c0 09 00 00 72 0e 8b d3 48 8d 8f b8 09 00 00
0x00007ff88df74e22:   e8 e9 52 0b 00 48 8b 87 c8 09 00 00 4c 89 34 d8
0x00007ff88df74e32:   e9 8b 03 00 00 48 89 6c 24 60 48 8b eb 4c 3b fb
0x00007ff88df74e42:   0f 84 d0 02 00 00 44 8b 4f 28 48 8d 57 30 4c 89
0x00007ff88df74e52:   6c 24 28 45 33 e4 0f 1f 84 00 00 00 00 00 8b 4b
0x00007ff88df74e62:   28 48 8b 87 f8 09 00 00 48 8b 1c c8 4c 8d 04 c8
0x00007ff88df74e72:   48 8b 43 08 4c 39 20 75 2c 0f 1f 44 00 00 8b 43
0x00007ff88df74e82:   28 41 3b c1 73 0b 8b c8 48 8b 02 48 8b 1c c8 eb
0x00007ff88df74e92:   03 49 8b dc 48 83 e3 fe 48 8d 57 30 48 8b 43 08
0x00007ff88df74ea2:   4c 39 20 74 d9 49 89 18 8b 43 28 3b 47 28 73 0f
0x00007ff88df74eb2:   8b c8 48 8b 47 30 48 8b 34 c8 48 85 f6 75 07 48
0x00007ff88df74ec2:   8b b7 90 09 00 00 48 85 ed 75 24 4c 8d 0d d4 48
0x00007ff88df74ed2:   39 00 ba b7 03 00 00 4c 8d 05 d8 48 39 00 48 8d
0x00007ff88df74ee2:   0d 41 40 38 00 e8 34 be c9 ff e8 1f 6d 0d 00 8b
0x00007ff88df74ef2:   45 28 44 8b 4f 28 41 3b c1 73 13 8b c8 48 8d 57
0x00007ff88df74f02:   30 48 8b 47 30 4c 8b 04 c8 4d 85 c0 75 0b 4c 8b
0x00007ff88df74f12:   87 90 09 00 00 48 8d 57 30 41 0f b7 40 58 48 8b
0x00007ff88df74f22:   cb 66 39 46 58 48 0f 43 cd 48 8b e9 4c 3b fb 0f
0x00007ff88df74f32:   85 29 ff ff ff 49 3b cf 0f 84 d3 01 00 00 8b 41
0x00007ff88df74f42:   2c 48 8b f1 24 0f 3c 08 75 68 0f 1f 40 00 33 d2
0x00007ff88df74f52:   48 8b ce e8 56 4d 0a 00 48 85 c0 74 55 48 8b c8
0x00007ff88df74f62:   e8 39 22 bf ff 85 c0 79 49 f7 d0 c1 f8 03 83 e0 


Stack slot to memory mapping:
stack at sp + 0 slots: 0x0000000000000002 is an unknown value
stack at sp + 1 slots: 0x0000012e5cbedfb0 points into unknown readable memory: 0x0000012e5cbedfe8 | e8 df be 5c 2e 01 00 00
stack at sp + 2 slots: 0x0000012e5c86ef88 points into unknown readable memory: 0x00007ff88e2d28b8 | b8 28 2d 8e f8 7f 00 00
stack at sp + 3 slots: 0x00007ff88e1c21ee jvm.dll
stack at sp + 4 slots: 0x0000012e5cbed968 points into unknown readable memory: 0x00007ff88e35bf90 | 90 bf 35 8e f8 7f 00 00
stack at sp + 5 slots: 0x000000168abfa8b0 is pointing into the stack for thread: 0x0000012e5c388110
stack at sp + 6 slots: 0x000000168abfa8d0 is pointing into the stack for thread: 0x0000012e5c388110
stack at sp + 7 slots: 0x0000000000000018 is an unknown value


---------------  P R O C E S S  ---------------

Threads class SMR info:
_java_thread_list=0x0000012e5c3075b0, length=14, elements={
0x0000012e6e48ade0, 0x0000012e7c108490, 0x0000012e7c10a180, 0x0000012e5c0f0080,
0x0000012e5c0f2df0, 0x0000012e5c0f4070, 0x0000012e5c0f52f0, 0x0000012e5c0fbdb0,
0x0000012e5c1008e0, 0x0000012e5c204900, 0x0000012e5c3029d0, 0x0000012e5c302f20,
0x0000012e5c38a220, 0x0000012e5c388110
}

Java Threads: ( => current thread )
  0x0000012e6e48ade0 JavaThread "main" [_thread_in_native, id=19656, stack(0x0000001689700000,0x0000001689800000)]
  0x0000012e7c108490 JavaThread "Reference Handler" daemon [_thread_blocked, id=16352, stack(0x0000001689e00000,0x0000001689f00000)]
  0x0000012e7c10a180 JavaThread "Finalizer" daemon [_thread_blocked, id=27940, stack(0x0000001689f00000,0x000000168a000000)]
  0x0000012e5c0f0080 JavaThread "Signal Dispatcher" daemon [_thread_blocked, id=9312, stack(0x000000168a000000,0x000000168a100000)]
  0x0000012e5c0f2df0 JavaThread "Attach Listener" daemon [_thread_blocked, id=20528, stack(0x000000168a100000,0x000000168a200000)]
  0x0000012e5c0f4070 JavaThread "Service Thread" daemon [_thread_blocked, id=24932, stack(0x000000168a200000,0x000000168a300000)]
  0x0000012e5c0f52f0 JavaThread "Monitor Deflation Thread" daemon [_thread_blocked, id=3680, stack(0x000000168a300000,0x000000168a400000)]
  0x0000012e5c0fbdb0 JavaThread "C2 CompilerThread0" daemon [_thread_blocked, id=20992, stack(0x000000168a400000,0x000000168a500000)]
  0x0000012e5c1008e0 JavaThread "C1 CompilerThread0" daemon [_thread_blocked, id=11124, stack(0x000000168a500000,0x000000168a600000)]
  0x0000012e5c204900 JavaThread "Common-Cleaner" daemon [_thread_blocked, id=26224, stack(0x000000168a600000,0x000000168a700000)]
  0x0000012e5c3029d0 JavaThread "Monitor Ctrl-Break" daemon [_thread_in_native, id=22648, stack(0x000000168a700000,0x000000168a800000)]
  0x0000012e5c302f20 JavaThread "Notification Thread" daemon [_thread_blocked, id=1120, stack(0x000000168a800000,0x000000168a900000)]
  0x0000012e5c38a220 JavaThread "C2 CompilerThread1" daemon [_thread_blocked, id=8924, stack(0x000000168aa00000,0x000000168ab00000)]
=>0x0000012e5c388110 JavaThread "C2 CompilerThread2" daemon [_thread_in_native, id=14176, stack(0x000000168ab00000,0x000000168ac00000)]

Other Threads:
  0x0000012e7c0ea740 VMThread "VM Thread" [stack: 0x0000001689d00000,0x0000001689e00000] [id=3292]
  0x0000012e5c3430e0 WatcherThread "VM Periodic Task Thread" [stack: 0x000000168a900000,0x000000168aa00000] [id=13888]
  0x0000012e6e53cf00 WorkerThread "GC Thread#0" [stack: 0x0000001689800000,0x0000001689900000] [id=19728]
  0x0000012e6e54ef50 ConcurrentGCThread "G1 Main Marker" [stack: 0x0000001689900000,0x0000001689a00000] [id=30400]
  0x0000012e6e550120 WorkerThread "G1 Conc#0" [stack: 0x0000001689a00000,0x0000001689b00000] [id=26216]
  0x0000012e7bf9a780 ConcurrentGCThread "G1 Refine#0" [stack: 0x0000001689b00000,0x0000001689c00000] [id=2556]
  0x0000012e7bf9b220 ConcurrentGCThread "G1 Service" [stack: 0x0000001689c00000,0x0000001689d00000] [id=22816]

Threads with active compile tasks:
C2 CompilerThread2     1273  614 %     4       Main::isAsal @ 0 (55 bytes)

VM state: not at safepoint (normal execution)

VM Mutex/Monitor currently owned by a thread: None

Heap address: 0x0000000600c00000, size: 8180 MB, Compressed Oops mode: Zero based, Oop shift amount: 3

CDS archive(s) mapped at: [0x0000012e17000000-0x0000012e17c60000-0x0000012e17c60000), size 12976128, SharedBaseAddress: 0x0000012e17000000, ArchiveRelocationMode: 1.
Compressed class space mapped at: 0x0000012e18000000-0x0000012e58000000, reserved size: 1073741824
Narrow klass base: 0x0000012e17000000, Narrow klass shift: 0, Narrow klass range: 0x100000000

GC Precious Log:
 CardTable entry size: 512
 Card Set container configuration: InlinePtr #cards 4 size 8 Array Of Cards #cards 32 size 80 Howl #buckets 8 coarsen threshold 7372 Howl Bitmap #cards 1024 size 144 coarsen threshold 921 Card regions per heap region 1 cards per card region 8192
 CPUs: 12 total, 12 available
 Memory: 32709M
 Large Page Support: Disabled
 NUMA Support: Disabled
 Compressed Oops: Enabled (Zero based)
 Heap Region Size: 4M
 Heap Min Capacity: 8M
 Heap Initial Capacity: 512M
 Heap Max Capacity: 8180M
 Pre-touch: Disabled
 Parallel Workers: 10
 Concurrent Workers: 3
 Concurrent Refinement Workers: 10
 Periodic GC: Disabled

Heap:
 garbage-first heap   total 524288K, used 16384K [0x0000000600c00000, 0x0000000800000000)
  region size 4096K, 5 young (20480K), 0 survivors (0K)
 Metaspace       used 1412K, committed 1600K, reserved 1114112K
  class space    used 112K, committed 192K, reserved 1048576K

Heap Regions: E=young(eden), S=young(survivor), O=old, HS=humongous(starts), HC=humongous(continues), CS=collection set, F=free, OA=open archive, CA=closed archive, TAMS=top-at-mark-start, PB=parsable bottom
|   0|0x0000000600c00000, 0x0000000600c00000, 0x0000000601000000|  0%| F|  |TAMS 0x0000000600c00000| PB 0x0000000600c00000| Untracked 
|   1|0x0000000601000000, 0x0000000601000000, 0x0000000601400000|  0%| F|  |TAMS 0x0000000601000000| PB 0x0000000601000000| Untracked 
|   2|0x0000000601400000, 0x0000000601400000, 0x0000000601800000|  0%| F|  |TAMS 0x0000000601400000| PB 0x0000000601400000| Untracked 
|   3|0x0000000601800000, 0x0000000601800000, 0x0000000601c00000|  0%| F|  |TAMS 0x0000000601800000| PB 0x0000000601800000| Untracked 
|   4|0x0000000601c00000, 0x0000000601c00000, 0x0000000602000000|  0%| F|  |TAMS 0x0000000601c00000| PB 0x0000000601c00000| Untracked 
|   5|0x0000000602000000, 0x0000000602000000, 0x0000000602400000|  0%| F|  |TAMS 0x0000000602000000| PB 0x0000000602000000| Untracked 
|   6|0x0000000602400000, 0x0000000602400000, 0x0000000602800000|  0%| F|  |TAMS 0x0000000602400000| PB 0x0000000602400000| Untracked 
|   7|0x0000000602800000, 0x0000000602800000, 0x0000000602c00000|  0%| F|  |TAMS 0x0000000602800000| PB 0x0000000602800000| Untracked 
|   8|0x0000000602c00000, 0x0000000602c00000, 0x0000000603000000|  0%| F|  |TAMS 0x0000000602c00000| PB 0x0000000602c00000| Untracked 
|   9|0x0000000603000000, 0x0000000603000000, 0x0000000603400000|  0%| F|  |TAMS 0x0000000603000000| PB 0x0000000603000000| Untracked 
|  10|0x0000000603400000, 0x0000000603400000, 0x0000000603800000|  0%| F|  |TAMS 0x0000000603400000| PB 0x0000000603400000| Untracked 
|  11|0x0000000603800000, 0x0000000603800000, 0x0000000603c00000|  0%| F|  |TAMS 0x0000000603800000| PB 0x0000000603800000| Untracked 
|  12|0x0000000603c00000, 0x0000000603c00000, 0x0000000604000000|  0%| F|  |TAMS 0x0000000603c00000| PB 0x0000000603c00000| Untracked 
|  13|0x0000000604000000, 0x0000000604000000, 0x0000000604400000|  0%| F|  |TAMS 0x0000000604000000| PB 0x0000000604000000| Untracked 
|  14|0x0000000604400000, 0x0000000604400000, 0x0000000604800000|  0%| F|  |TAMS 0x0000000604400000| PB 0x0000000604400000| Untracked 
|  15|0x0000000604800000, 0x0000000604800000, 0x0000000604c00000|  0%| F|  |TAMS 0x0000000604800000| PB 0x0000000604800000| Untracked 
|  16|0x0000000604c00000, 0x0000000604c00000, 0x0000000605000000|  0%| F|  |TAMS 0x0000000604c00000| PB 0x0000000604c00000| Untracked 
|  17|0x0000000605000000, 0x0000000605000000, 0x0000000605400000|  0%| F|  |TAMS 0x0000000605000000| PB 0x0000000605000000| Untracked 
|  18|0x0000000605400000, 0x0000000605400000, 0x0000000605800000|  0%| F|  |TAMS 0x0000000605400000| PB 0x0000000605400000| Untracked 
|  19|0x0000000605800000, 0x0000000605800000, 0x0000000605c00000|  0%| F|  |TAMS 0x0000000605800000| PB 0x0000000605800000| Untracked 
|  20|0x0000000605c00000, 0x0000000605c00000, 0x0000000606000000|  0%| F|  |TAMS 0x0000000605c00000| PB 0x0000000605c00000| Untracked 
|  21|0x0000000606000000, 0x0000000606000000, 0x0000000606400000|  0%| F|  |TAMS 0x0000000606000000| PB 0x0000000606000000| Untracked 
|  22|0x0000000606400000, 0x0000000606400000, 0x0000000606800000|  0%| F|  |TAMS 0x0000000606400000| PB 0x0000000606400000| Untracked 
|  23|0x0000000606800000, 0x0000000606800000, 0x0000000606c00000|  0%| F|  |TAMS 0x0000000606800000| PB 0x0000000606800000| Untracked 
|  24|0x0000000606c00000, 0x0000000606c00000, 0x0000000607000000|  0%| F|  |TAMS 0x0000000606c00000| PB 0x0000000606c00000| Untracked 
|  25|0x0000000607000000, 0x0000000607000000, 0x0000000607400000|  0%| F|  |TAMS 0x0000000607000000| PB 0x0000000607000000| Untracked 
|  26|0x0000000607400000, 0x0000000607400000, 0x0000000607800000|  0%| F|  |TAMS 0x0000000607400000| PB 0x0000000607400000| Untracked 
|  27|0x0000000607800000, 0x0000000607800000, 0x0000000607c00000|  0%| F|  |TAMS 0x0000000607800000| PB 0x0000000607800000| Untracked 
|  28|0x0000000607c00000, 0x0000000607c00000, 0x0000000608000000|  0%| F|  |TAMS 0x0000000607c00000| PB 0x0000000607c00000| Untracked 
|  29|0x0000000608000000, 0x0000000608000000, 0x0000000608400000|  0%| F|  |TAMS 0x0000000608000000| PB 0x0000000608000000| Untracked 
|  30|0x0000000608400000, 0x0000000608400000, 0x0000000608800000|  0%| F|  |TAMS 0x0000000608400000| PB 0x0000000608400000| Untracked 
|  31|0x0000000608800000, 0x0000000608800000, 0x0000000608c00000|  0%| F|  |TAMS 0x0000000608800000| PB 0x0000000608800000| Untracked 
|  32|0x0000000608c00000, 0x0000000608c00000, 0x0000000609000000|  0%| F|  |TAMS 0x0000000608c00000| PB 0x0000000608c00000| Untracked 
|  33|0x0000000609000000, 0x0000000609000000, 0x0000000609400000|  0%| F|  |TAMS 0x0000000609000000| PB 0x0000000609000000| Untracked 
|  34|0x0000000609400000, 0x0000000609400000, 0x0000000609800000|  0%| F|  |TAMS 0x0000000609400000| PB 0x0000000609400000| Untracked 
|  35|0x0000000609800000, 0x0000000609800000, 0x0000000609c00000|  0%| F|  |TAMS 0x0000000609800000| PB 0x0000000609800000| Untracked 
|  36|0x0000000609c00000, 0x0000000609c00000, 0x000000060a000000|  0%| F|  |TAMS 0x0000000609c00000| PB 0x0000000609c00000| Untracked 
|  37|0x000000060a000000, 0x000000060a000000, 0x000000060a400000|  0%| F|  |TAMS 0x000000060a000000| PB 0x000000060a000000| Untracked 
|  38|0x000000060a400000, 0x000000060a400000, 0x000000060a800000|  0%| F|  |TAMS 0x000000060a400000| PB 0x000000060a400000| Untracked 
|  39|0x000000060a800000, 0x000000060a800000, 0x000000060ac00000|  0%| F|  |TAMS 0x000000060a800000| PB 0x000000060a800000| Untracked 
|  40|0x000000060ac00000, 0x000000060ac00000, 0x000000060b000000|  0%| F|  |TAMS 0x000000060ac00000| PB 0x000000060ac00000| Untracked 
|  41|0x000000060b000000, 0x000000060b000000, 0x000000060b400000|  0%| F|  |TAMS 0x000000060b000000| PB 0x000000060b000000| Untracked 
|  42|0x000000060b400000, 0x000000060b400000, 0x000000060b800000|  0%| F|  |TAMS 0x000000060b400000| PB 0x000000060b400000| Untracked 
|  43|0x000000060b800000, 0x000000060b800000, 0x000000060bc00000|  0%| F|  |TAMS 0x000000060b800000| PB 0x000000060b800000| Untracked 
|  44|0x000000060bc00000, 0x000000060bc00000, 0x000000060c000000|  0%| F|  |TAMS 0x000000060bc00000| PB 0x000000060bc00000| Untracked 
|  45|0x000000060c000000, 0x000000060c000000, 0x000000060c400000|  0%| F|  |TAMS 0x000000060c000000| PB 0x000000060c000000| Untracked 
|  46|0x000000060c400000, 0x000000060c400000, 0x000000060c800000|  0%| F|  |TAMS 0x000000060c400000| PB 0x000000060c400000| Untracked 
|  47|0x000000060c800000, 0x000000060c800000, 0x000000060cc00000|  0%| F|  |TAMS 0x000000060c800000| PB 0x000000060c800000| Untracked 
|  48|0x000000060cc00000, 0x000000060cc00000, 0x000000060d000000|  0%| F|  |TAMS 0x000000060cc00000| PB 0x000000060cc00000| Untracked 
|  49|0x000000060d000000, 0x000000060d000000, 0x000000060d400000|  0%| F|  |TAMS 0x000000060d000000| PB 0x000000060d000000| Untracked 
|  50|0x000000060d400000, 0x000000060d400000, 0x000000060d800000|  0%| F|  |TAMS 0x000000060d400000| PB 0x000000060d400000| Untracked 
|  51|0x000000060d800000, 0x000000060d800000, 0x000000060dc00000|  0%| F|  |TAMS 0x000000060d800000| PB 0x000000060d800000| Untracked 
|  52|0x000000060dc00000, 0x000000060dc00000, 0x000000060e000000|  0%| F|  |TAMS 0x000000060dc00000| PB 0x000000060dc00000| Untracked 
|  53|0x000000060e000000, 0x000000060e000000, 0x000000060e400000|  0%| F|  |TAMS 0x000000060e000000| PB 0x000000060e000000| Untracked 
|  54|0x000000060e400000, 0x000000060e400000, 0x000000060e800000|  0%| F|  |TAMS 0x000000060e400000| PB 0x000000060e400000| Untracked 
|  55|0x000000060e800000, 0x000000060e800000, 0x000000060ec00000|  0%| F|  |TAMS 0x000000060e800000| PB 0x000000060e800000| Untracked 
|  56|0x000000060ec00000, 0x000000060ec00000, 0x000000060f000000|  0%| F|  |TAMS 0x000000060ec00000| PB 0x000000060ec00000| Untracked 
|  57|0x000000060f000000, 0x000000060f000000, 0x000000060f400000|  0%| F|  |TAMS 0x000000060f000000| PB 0x000000060f000000| Untracked 
|  58|0x000000060f400000, 0x000000060f400000, 0x000000060f800000|  0%| F|  |TAMS 0x000000060f400000| PB 0x000000060f400000| Untracked 
|  59|0x000000060f800000, 0x000000060f800000, 0x000000060fc00000|  0%| F|  |TAMS 0x000000060f800000| PB 0x000000060f800000| Untracked 
|  60|0x000000060fc00000, 0x000000060fc00000, 0x0000000610000000|  0%| F|  |TAMS 0x000000060fc00000| PB 0x000000060fc00000| Untracked 
|  61|0x0000000610000000, 0x0000000610000000, 0x0000000610400000|  0%| F|  |TAMS 0x0000000610000000| PB 0x0000000610000000| Untracked 
|  62|0x0000000610400000, 0x0000000610400000, 0x0000000610800000|  0%| F|  |TAMS 0x0000000610400000| PB 0x0000000610400000| Untracked 
|  63|0x0000000610800000, 0x0000000610800000, 0x0000000610c00000|  0%| F|  |TAMS 0x0000000610800000| PB 0x0000000610800000| Untracked 
|  64|0x0000000610c00000, 0x0000000610c00000, 0x0000000611000000|  0%| F|  |TAMS 0x0000000610c00000| PB 0x0000000610c00000| Untracked 
|  65|0x0000000611000000, 0x0000000611000000, 0x0000000611400000|  0%| F|  |TAMS 0x0000000611000000| PB 0x0000000611000000| Untracked 
|  66|0x0000000611400000, 0x0000000611400000, 0x0000000611800000|  0%| F|  |TAMS 0x0000000611400000| PB 0x0000000611400000| Untracked 
|  67|0x0000000611800000, 0x0000000611800000, 0x0000000611c00000|  0%| F|  |TAMS 0x0000000611800000| PB 0x0000000611800000| Untracked 
|  68|0x0000000611c00000, 0x0000000611c00000, 0x0000000612000000|  0%| F|  |TAMS 0x0000000611c00000| PB 0x0000000611c00000| Untracked 
|  69|0x0000000612000000, 0x0000000612000000, 0x0000000612400000|  0%| F|  |TAMS 0x0000000612000000| PB 0x0000000612000000| Untracked 
|  70|0x0000000612400000, 0x0000000612400000, 0x0000000612800000|  0%| F|  |TAMS 0x0000000612400000| PB 0x0000000612400000| Untracked 
|  71|0x0000000612800000, 0x0000000612800000, 0x0000000612c00000|  0%| F|  |TAMS 0x0000000612800000| PB 0x0000000612800000| Untracked 
|  72|0x0000000612c00000, 0x0000000612c00000, 0x0000000613000000|  0%| F|  |TAMS 0x0000000612c00000| PB 0x0000000612c00000| Untracked 
|  73|0x0000000613000000, 0x0000000613000000, 0x0000000613400000|  0%| F|  |TAMS 0x0000000613000000| PB 0x0000000613000000| Untracked 
|  74|0x0000000613400000, 0x0000000613400000, 0x0000000613800000|  0%| F|  |TAMS 0x0000000613400000| PB 0x0000000613400000| Untracked 
|  75|0x0000000613800000, 0x0000000613800000, 0x0000000613c00000|  0%| F|  |TAMS 0x0000000613800000| PB 0x0000000613800000| Untracked 
|  76|0x0000000613c00000, 0x0000000613c00000, 0x0000000614000000|  0%| F|  |TAMS 0x0000000613c00000| PB 0x0000000613c00000| Untracked 
|  77|0x0000000614000000, 0x0000000614000000, 0x0000000614400000|  0%| F|  |TAMS 0x0000000614000000| PB 0x0000000614000000| Untracked 
|  78|0x0000000614400000, 0x0000000614400000, 0x0000000614800000|  0%| F|  |TAMS 0x0000000614400000| PB 0x0000000614400000| Untracked 
|  79|0x0000000614800000, 0x0000000614800000, 0x0000000614c00000|  0%| F|  |TAMS 0x0000000614800000| PB 0x0000000614800000| Untracked 
|  80|0x0000000614c00000, 0x0000000614c00000, 0x0000000615000000|  0%| F|  |TAMS 0x0000000614c00000| PB 0x0000000614c00000| Untracked 
|  81|0x0000000615000000, 0x0000000615000000, 0x0000000615400000|  0%| F|  |TAMS 0x0000000615000000| PB 0x0000000615000000| Untracked 
|  82|0x0000000615400000, 0x0000000615400000, 0x0000000615800000|  0%| F|  |TAMS 0x0000000615400000| PB 0x0000000615400000| Untracked 
|  83|0x0000000615800000, 0x0000000615800000, 0x0000000615c00000|  0%| F|  |TAMS 0x0000000615800000| PB 0x0000000615800000| Untracked 
|  84|0x0000000615c00000, 0x0000000615c00000, 0x0000000616000000|  0%| F|  |TAMS 0x0000000615c00000| PB 0x0000000615c00000| Untracked 
|  85|0x0000000616000000, 0x0000000616000000, 0x0000000616400000|  0%| F|  |TAMS 0x0000000616000000| PB 0x0000000616000000| Untracked 
|  86|0x0000000616400000, 0x0000000616400000, 0x0000000616800000|  0%| F|  |TAMS 0x0000000616400000| PB 0x0000000616400000| Untracked 
|  87|0x0000000616800000, 0x0000000616800000, 0x0000000616c00000|  0%| F|  |TAMS 0x0000000616800000| PB 0x0000000616800000| Untracked 
|  88|0x0000000616c00000, 0x0000000616c00000, 0x0000000617000000|  0%| F|  |TAMS 0x0000000616c00000| PB 0x0000000616c00000| Untracked 
|  89|0x0000000617000000, 0x0000000617000000, 0x0000000617400000|  0%| F|  |TAMS 0x0000000617000000| PB 0x0000000617000000| Untracked 
|  90|0x0000000617400000, 0x0000000617400000, 0x0000000617800000|  0%| F|  |TAMS 0x0000000617400000| PB 0x0000000617400000| Untracked 
|  91|0x0000000617800000, 0x0000000617800000, 0x0000000617c00000|  0%| F|  |TAMS 0x0000000617800000| PB 0x0000000617800000| Untracked 
|  92|0x0000000617c00000, 0x0000000617c00000, 0x0000000618000000|  0%| F|  |TAMS 0x0000000617c00000| PB 0x0000000617c00000| Untracked 
|  93|0x0000000618000000, 0x0000000618000000, 0x0000000618400000|  0%| F|  |TAMS 0x0000000618000000| PB 0x0000000618000000| Untracked 
|  94|0x0000000618400000, 0x0000000618400000, 0x0000000618800000|  0%| F|  |TAMS 0x0000000618400000| PB 0x0000000618400000| Untracked 
|  95|0x0000000618800000, 0x0000000618800000, 0x0000000618c00000|  0%| F|  |TAMS 0x0000000618800000| PB 0x0000000618800000| Untracked 
|  96|0x0000000618c00000, 0x0000000618c00000, 0x0000000619000000|  0%| F|  |TAMS 0x0000000618c00000| PB 0x0000000618c00000| Untracked 
|  97|0x0000000619000000, 0x0000000619000000, 0x0000000619400000|  0%| F|  |TAMS 0x0000000619000000| PB 0x0000000619000000| Untracked 
|  98|0x0000000619400000, 0x0000000619400000, 0x0000000619800000|  0%| F|  |TAMS 0x0000000619400000| PB 0x0000000619400000| Untracked 
|  99|0x0000000619800000, 0x0000000619800000, 0x0000000619c00000|  0%| F|  |TAMS 0x0000000619800000| PB 0x0000000619800000| Untracked 
| 100|0x0000000619c00000, 0x0000000619c00000, 0x000000061a000000|  0%| F|  |TAMS 0x0000000619c00000| PB 0x0000000619c00000| Untracked 
| 101|0x000000061a000000, 0x000000061a000000, 0x000000061a400000|  0%| F|  |TAMS 0x000000061a000000| PB 0x000000061a000000| Untracked 
| 102|0x000000061a400000, 0x000000061a400000, 0x000000061a800000|  0%| F|  |TAMS 0x000000061a400000| PB 0x000000061a400000| Untracked 
| 103|0x000000061a800000, 0x000000061a800000, 0x000000061ac00000|  0%| F|  |TAMS 0x000000061a800000| PB 0x000000061a800000| Untracked 
| 104|0x000000061ac00000, 0x000000061ac00000, 0x000000061b000000|  0%| F|  |TAMS 0x000000061ac00000| PB 0x000000061ac00000| Untracked 
| 105|0x000000061b000000, 0x000000061b000000, 0x000000061b400000|  0%| F|  |TAMS 0x000000061b000000| PB 0x000000061b000000| Untracked 
| 106|0x000000061b400000, 0x000000061b400000, 0x000000061b800000|  0%| F|  |TAMS 0x000000061b400000| PB 0x000000061b400000| Untracked 
| 107|0x000000061b800000, 0x000000061b800000, 0x000000061bc00000|  0%| F|  |TAMS 0x000000061b800000| PB 0x000000061b800000| Untracked 
| 108|0x000000061bc00000, 0x000000061bc00000, 0x000000061c000000|  0%| F|  |TAMS 0x000000061bc00000| PB 0x000000061bc00000| Untracked 
| 109|0x000000061c000000, 0x000000061c000000, 0x000000061c400000|  0%| F|  |TAMS 0x000000061c000000| PB 0x000000061c000000| Untracked 
| 110|0x000000061c400000, 0x000000061c400000, 0x000000061c800000|  0%| F|  |TAMS 0x000000061c400000| PB 0x000000061c400000| Untracked 
| 111|0x000000061c800000, 0x000000061c800000, 0x000000061cc00000|  0%| F|  |TAMS 0x000000061c800000| PB 0x000000061c800000| Untracked 
| 112|0x000000061cc00000, 0x000000061cc00000, 0x000000061d000000|  0%| F|  |TAMS 0x000000061cc00000| PB 0x000000061cc00000| Untracked 
| 113|0x000000061d000000, 0x000000061d000000, 0x000000061d400000|  0%| F|  |TAMS 0x000000061d000000| PB 0x000000061d000000| Untracked 
| 114|0x000000061d400000, 0x000000061d400000, 0x000000061d800000|  0%| F|  |TAMS 0x000000061d400000| PB 0x000000061d400000| Untracked 
| 115|0x000000061d800000, 0x000000061d800000, 0x000000061dc00000|  0%| F|  |TAMS 0x000000061d800000| PB 0x000000061d800000| Untracked 
| 116|0x000000061dc00000, 0x000000061dc00000, 0x000000061e000000|  0%| F|  |TAMS 0x000000061dc00000| PB 0x000000061dc00000| Untracked 
| 117|0x000000061e000000, 0x000000061e000000, 0x000000061e400000|  0%| F|  |TAMS 0x000000061e000000| PB 0x000000061e000000| Untracked 
| 118|0x000000061e400000, 0x000000061e400000, 0x000000061e800000|  0%| F|  |TAMS 0x000000061e400000| PB 0x000000061e400000| Untracked 
| 119|0x000000061e800000, 0x000000061e800000, 0x000000061ec00000|  0%| F|  |TAMS 0x000000061e800000| PB 0x000000061e800000| Untracked 
| 120|0x000000061ec00000, 0x000000061ec00000, 0x000000061f000000|  0%| F|  |TAMS 0x000000061ec00000| PB 0x000000061ec00000| Untracked 
| 121|0x000000061f000000, 0x000000061f000000, 0x000000061f400000|  0%| F|  |TAMS 0x000000061f000000| PB 0x000000061f000000| Untracked 
| 122|0x000000061f400000, 0x000000061f400000, 0x000000061f800000|  0%| F|  |TAMS 0x000000061f400000| PB 0x000000061f400000| Untracked 
| 123|0x000000061f800000, 0x000000061fb5cbf8, 0x000000061fc00000| 84%| E|  |TAMS 0x000000061f800000| PB 0x000000061f800000| Complete 
| 124|0x000000061fc00000, 0x0000000620000000, 0x0000000620000000|100%| E|CS|TAMS 0x000000061fc00000| PB 0x000000061fc00000| Complete 
| 125|0x0000000620000000, 0x0000000620400000, 0x0000000620400000|100%| E|CS|TAMS 0x0000000620000000| PB 0x0000000620000000| Complete 
| 126|0x0000000620400000, 0x0000000620800000, 0x0000000620800000|100%| E|CS|TAMS 0x0000000620400000| PB 0x0000000620400000| Complete 
| 127|0x0000000620800000, 0x0000000620c00000, 0x0000000620c00000|100%| E|CS|TAMS 0x0000000620800000| PB 0x0000000620800000| Complete 

Card table byte_map: [0x0000012e77ac0000,0x0000012e78ac0000] _byte_map_base: 0x0000012e74aba000

Marking Bits: (CMBitMap*) 0x0000012e6e53d530
 Bits: [0x0000012e0f000000, 0x0000012e16fd0000)

Polling page: 0x0000012e6c220000

Metaspace:

Usage:
  Non-class:      1.27 MB used.
      Class:    112.11 KB used.
       Both:      1.38 MB used.

Virtual space:
  Non-class space:       64.00 MB reserved,       1.38 MB (  2%) committed,  1 nodes.
      Class space:        1.00 GB reserved,     192.00 KB ( <1%) committed,  1 nodes.
             Both:        1.06 GB reserved,       1.56 MB ( <1%) committed. 

Chunk freelists:
   Non-Class:  3.91 MB
       Class:  3.72 MB
        Both:  7.63 MB

MaxMetaspaceSize: unlimited
CompressedClassSpaceSize: 1.00 GB
Initial GC threshold: 21.00 MB
Current GC threshold: 21.00 MB
CDS: on
MetaspaceReclaimPolicy: balanced
 - commit_granule_bytes: 65536.
 - commit_granule_words: 8192.
 - virtual_space_node_default_size: 8388608.
 - enlarge_chunks_in_place: 1.
 - new_chunks_are_fully_committed: 0.
 - uncommit_free_chunks: 1.
 - use_allocation_guard: 0.


Internal statistics:

num_allocs_failed_limit: 0.
num_arena_births: 44.
num_arena_deaths: 0.
num_vsnodes_births: 2.
num_vsnodes_deaths: 0.
num_space_committed: 25.
num_space_uncommitted: 0.
num_chunks_returned_to_freelist: 0.
num_chunks_taken_from_freelist: 55.
num_chunk_merges: 0.
num_chunk_splits: 35.
num_chunks_enlarged: 20.
num_inconsistent_stats: 0.

CodeHeap 'non-profiled nmethods': size=120000Kb used=362Kb max_used=362Kb free=119637Kb
 bounds [0x0000012e07ad0000, 0x0000012e07d40000, 0x0000012e0f000000]
CodeHeap 'profiled nmethods': size=120000Kb used=751Kb max_used=751Kb free=119248Kb
 bounds [0x0000012e00000000, 0x0000012e00270000, 0x0000012e07530000]
CodeHeap 'non-nmethods': size=5760Kb used=1389Kb max_used=1436Kb free=4370Kb
 bounds [0x0000012e07530000, 0x0000012e077a0000, 0x0000012e07ad0000]
 total_blobs=1050 nmethods=613 adapters=348
 compilation: enabled
              stopped_count=0, restarted_count=0
 full_count=0

Compilation events (20 events):
Event: 1.224 Thread 0x0000012e5c38a220 nmethod 602 0x0000012e07b19610 code [0x0000012e07b19780, 0x0000012e07b19958]
Event: 1.224 Thread 0x0000012e5c38a220  603       4       java.io.BufferedOutputStream::growIfNeeded (59 bytes)
Event: 1.224 Thread 0x0000012e5c38a220 nmethod 603 0x0000012e07b19b10 code [0x0000012e07b19c80, 0x0000012e07b19d58]
Event: 1.224 Thread 0x0000012e5c38a220  589   !   4       java.nio.CharBuffer::wrap (21 bytes)
Event: 1.226 Thread 0x0000012e5c38a220 nmethod 589 0x0000012e07b19e90 code [0x0000012e07b1a020, 0x0000012e07b1a2b8]
Event: 1.226 Thread 0x0000012e5c38a220  590       4       java.nio.HeapCharBuffer::<init> (23 bytes)
Event: 1.226 Thread 0x0000012e5c0fbdb0 nmethod 600 0x0000012e07b1a590 code [0x0000012e07b1a7c0, 0x0000012e07b1b700]
Event: 1.226 Thread 0x0000012e5c0fbdb0  591       4       java.io.OutputStreamWriter::write (11 bytes)
Event: 1.228 Thread 0x0000012e5c38a220 nmethod 590 0x0000012e07b1c410 code [0x0000012e07b1c580, 0x0000012e07b1c950]
Event: 1.228 Thread 0x0000012e5c38a220  592   !   4       sun.nio.cs.StreamEncoder::write (82 bytes)
Event: 1.235 Thread 0x0000012e5c38a220 nmethod 592 0x0000012e07b1cc10 code [0x0000012e07b1ce00, 0x0000012e07b1db58]
Event: 1.235 Thread 0x0000012e5c38a220  593       4       sun.nio.cs.StreamEncoder::lockedWrite (53 bytes)
Event: 1.237 Thread 0x0000012e5c0fbdb0 nmethod 591 0x0000012e07b1e810 code [0x0000012e07b1ea00, 0x0000012e07b1f6e8]
Event: 1.237 Thread 0x0000012e5c0fbdb0  594       4       sun.nio.cs.StreamEncoder::implWrite (145 bytes)
Event: 1.240 Thread 0x0000012e5c0fbdb0 nmethod 594 0x0000012e07b20310 code [0x0000012e07b204c0, 0x0000012e07b20a60]
Event: 1.240 Thread 0x0000012e5c0fbdb0  595       4       sun.nio.cs.StreamEncoder::growByteBufferIfNeeded (59 bytes)
Event: 1.241 Thread 0x0000012e5c0fbdb0 nmethod 595 0x0000012e07b20f90 code [0x0000012e07b21100, 0x0000012e07b21268]
Event: 1.241 Thread 0x0000012e5c388110 nmethod 585 0x0000012e07b21390 code [0x0000012e07b217e0, 0x0000012e07b26110]
Event: 1.241 Thread 0x0000012e5c38a220 nmethod 593 0x0000012e07b29790 code [0x0000012e07b29960, 0x0000012e07b2a210]
Event: 1.242 Thread 0x0000012e5c388110  614 %     4       Main::isAsal @ 0 (55 bytes)

GC Heap History (0 events):
No events

Dll operation events (10 events):
Event: 0.005 Loaded shared library C:\Program Files\Java\jdk-20\bin\java.dll
Event: 0.021 Loaded shared library C:\Program Files\Java\jdk-20\bin\jsvml.dll
Event: 0.052 Loaded shared library C:\Program Files\Java\jdk-20\bin\zip.dll
Event: 0.054 Loaded shared library C:\Program Files\Java\jdk-20\bin\instrument.dll
Event: 0.057 Loaded shared library C:\Program Files\Java\jdk-20\bin\net.dll
Event: 0.058 Loaded shared library C:\Program Files\Java\jdk-20\bin\nio.dll
Event: 0.061 Loaded shared library C:\Program Files\Java\jdk-20\bin\zip.dll
Event: 0.067 Loaded shared library C:\Program Files\JetBrains\IntelliJ IDEA Community Edition 2023.2.1\bin\breakgen64.dll
Event: 0.071 Loaded shared library C:\Program Files\Java\jdk-20\bin\extnet.dll
Event: 0.073 Loaded shared library C:\Program Files\Java\jdk-20\bin\jimage.dll

Deoptimization events (20 events):
Event: 1.126 Thread 0x0000012e6e48ade0 Uncommon trap: trap_request=0xffffff45 fr.pc=0x0000012e07af6190 relative=0x0000000000000110
Event: 1.126 Thread 0x0000012e6e48ade0 Uncommon trap: reason=unstable_if action=reinterpret pc=0x0000012e07af6190 method=java.util.concurrent.locks.AbstractQueuedSynchronizer.release(I)Z @ 5 c2
Event: 1.126 Thread 0x0000012e6e48ade0 DEOPT PACKING pc=0x0000012e07af6190 sp=0x00000016897fe8c0
Event: 1.126 Thread 0x0000012e6e48ade0 DEOPT UNPACKING pc=0x0000012e07599d22 sp=0x00000016897fe7b8 mode 2
Event: 1.150 Thread 0x0000012e6e48ade0 Uncommon trap: trap_request=0xffffffde fr.pc=0x0000012e07b00118 relative=0x0000000000000118
Event: 1.150 Thread 0x0000012e6e48ade0 Uncommon trap: reason=class_check action=maybe_recompile pc=0x0000012e07b00118 method=jdk.internal.misc.Unsafe.allocateUninitializedArray(Ljava/lang/Class;I)Ljava/lang/Object; @ 51 c2
Event: 1.150 Thread 0x0000012e6e48ade0 DEOPT PACKING pc=0x0000012e07b00118 sp=0x00000016897feb20
Event: 1.150 Thread 0x0000012e6e48ade0 DEOPT UNPACKING pc=0x0000012e07599d22 sp=0x00000016897fea98 mode 2
Event: 1.150 Thread 0x0000012e6e48ade0 Uncommon trap: trap_request=0xffffffde fr.pc=0x0000012e07b00118 relative=0x0000000000000118
Event: 1.150 Thread 0x0000012e6e48ade0 Uncommon trap: reason=class_check action=maybe_recompile pc=0x0000012e07b00118 method=jdk.internal.misc.Unsafe.allocateUninitializedArray(Ljava/lang/Class;I)Ljava/lang/Object; @ 51 c2
Event: 1.150 Thread 0x0000012e6e48ade0 DEOPT PACKING pc=0x0000012e07b00118 sp=0x00000016897feb20
Event: 1.150 Thread 0x0000012e6e48ade0 DEOPT UNPACKING pc=0x0000012e07599d22 sp=0x00000016897fea98 mode 2
Event: 1.150 Thread 0x0000012e6e48ade0 Uncommon trap: trap_request=0xffffffde fr.pc=0x0000012e07b00118 relative=0x0000000000000118
Event: 1.150 Thread 0x0000012e6e48ade0 Uncommon trap: reason=class_check action=maybe_recompile pc=0x0000012e07b00118 method=jdk.internal.misc.Unsafe.allocateUninitializedArray(Ljava/lang/Class;I)Ljava/lang/Object; @ 51 c2
Event: 1.150 Thread 0x0000012e6e48ade0 DEOPT PACKING pc=0x0000012e07b00118 sp=0x00000016897feb20
Event: 1.150 Thread 0x0000012e6e48ade0 DEOPT UNPACKING pc=0x0000012e07599d22 sp=0x00000016897fea98 mode 2
Event: 1.150 Thread 0x0000012e6e48ade0 Uncommon trap: trap_request=0xffffffde fr.pc=0x0000012e07b00118 relative=0x0000000000000118
Event: 1.150 Thread 0x0000012e6e48ade0 Uncommon trap: reason=class_check action=maybe_recompile pc=0x0000012e07b00118 method=jdk.internal.misc.Unsafe.allocateUninitializedArray(Ljava/lang/Class;I)Ljava/lang/Object; @ 51 c2
Event: 1.150 Thread 0x0000012e6e48ade0 DEOPT PACKING pc=0x0000012e07b00118 sp=0x00000016897feb20
Event: 1.150 Thread 0x0000012e6e48ade0 DEOPT UNPACKING pc=0x0000012e07599d22 sp=0x00000016897fea98 mode 2

Classes loaded (20 events):
Event: 1.024 Loading class java/time/zone/ZoneRulesProvider
Event: 1.024 Loading class java/time/zone/ZoneRulesProvider done
Event: 1.024 Loading class java/time/zone/ZoneRulesProvider$1
Event: 1.025 Loading class java/time/zone/ZoneRulesProvider$1 done
Event: 1.025 Loading class java/time/zone/TzdbZoneRulesProvider
Event: 1.025 Loading class java/time/zone/TzdbZoneRulesProvider done
Event: 1.028 Loading class java/time/zone/Ser
Event: 1.028 Loading class java/io/Externalizable
Event: 1.028 Loading class java/io/Externalizable done
Event: 1.028 Loading class java/time/zone/Ser done
Event: 1.028 Loading class java/time/zone/ZoneOffsetTransition
Event: 1.028 Loading class java/time/zone/ZoneOffsetTransition done
Event: 1.029 Loading class sun/util/resources/TimeZoneNames
Event: 1.030 Loading class sun/util/resources/TimeZoneNames done
Event: 1.030 Loading class sun/util/resources/TimeZoneNames_en
Event: 1.030 Loading class sun/util/resources/TimeZoneNames_en done
Event: 1.119 Loading class java/util/regex/Pattern$1
Event: 1.119 Loading class java/util/regex/Pattern$1 done
Event: 1.147 Loading class java/lang/foreign/MemorySegment
Event: 1.147 Loading class java/lang/foreign/MemorySegment done

Classes unloaded (0 events):
No events

Classes redefined (0 events):
No events

Internal exceptions (5 events):
Event: 0.061 Thread 0x0000012e6e48ade0 Exception <a 'java/lang/NoSuchMethodError'{0x0000000620b21098}: 'void java.lang.invoke.DirectMethodHandle$Holder.invokeStatic(java.lang.Object, java.lang.Object, java.lang.Object)'> (0x0000000620b21098) 
thrown [s\open\src\hotspot\share\interpreter\linkResolver.cpp, line 773]
Event: 0.064 Thread 0x0000012e6e48ade0 Exception <a 'java/lang/NoSuchMethodError'{0x0000000620b385a0}: 'java.lang.Object java.lang.invoke.Invokers$Holder.invokeExact_MT(java.lang.Object, java.lang.Object, java.lang.Object, java.lang.Object, java.lang.Object)'> (0x0000000620b385a0) 
thrown [s\open\src\hotspot\share\interpreter\linkResolver.cpp, line 773]
Event: 0.072 Thread 0x0000012e5c3029d0 Exception <a 'java/lang/NoSuchMethodError'{0x0000000620b63c20}: 'void java.lang.invoke.DirectMethodHandle$Holder.invokeStatic(java.lang.Object, java.lang.Object)'> (0x0000000620b63c20) 
thrown [s\open\src\hotspot\share\interpreter\linkResolver.cpp, line 773]
Event: 1.023 Thread 0x0000012e5c0f2df0 Exception <a 'java/lang/NoSuchMethodError'{0x00000006204fd398}: 'java.lang.Object java.lang.invoke.DirectMethodHandle$Holder.invokeStaticInit(java.lang.Object, int)'> (0x00000006204fd398) 
thrown [s\open\src\hotspot\share\interpreter\linkResolver.cpp, line 773]
Event: 1.031 Thread 0x0000012e5c0f2df0 Exception <a 'java/lang/NoSuchMethodError'{0x0000000620579740}: 'java.lang.Object java.lang.invoke.Invokers$Holder.invokeExact_MT(java.lang.Object, java.lang.Object, java.lang.Object, java.lang.Object, java.lang.Object, java.lang.Object)'> (0x0000000620579740) 
thrown [s\open\src\hotspot\share\interpreter\linkResolver.cpp, line 773]

VM Operations (6 events):
Event: 0.045 Executing VM operation: HandshakeAllThreads
Event: 0.045 Executing VM operation: HandshakeAllThreads done
Event: 0.068 Executing VM operation: HandshakeAllThreads
Event: 0.069 Executing VM operation: HandshakeAllThreads done
Event: 1.068 Executing VM operation: Cleanup
Event: 1.068 Executing VM operation: Cleanup done

Events (14 events):
Event: 0.021 Thread 0x0000012e6e48ade0 Thread added: 0x0000012e6e48ade0
Event: 0.029 Thread 0x0000012e7c108490 Thread added: 0x0000012e7c108490
Event: 0.029 Thread 0x0000012e7c10a180 Thread added: 0x0000012e7c10a180
Event: 0.029 Thread 0x0000012e5c0f0080 Thread added: 0x0000012e5c0f0080
Event: 0.029 Thread 0x0000012e5c0f2df0 Thread added: 0x0000012e5c0f2df0
Event: 0.029 Thread 0x0000012e5c0f4070 Thread added: 0x0000012e5c0f4070
Event: 0.029 Thread 0x0000012e5c0f52f0 Thread added: 0x0000012e5c0f52f0
Event: 0.029 Thread 0x0000012e5c0fbdb0 Thread added: 0x0000012e5c0fbdb0
Event: 0.029 Thread 0x0000012e5c1008e0 Thread added: 0x0000012e5c1008e0
Event: 0.041 Thread 0x0000012e5c204900 Thread added: 0x0000012e5c204900
Event: 0.067 Thread 0x0000012e5c3029d0 Thread added: 0x0000012e5c3029d0
Event: 0.067 Thread 0x0000012e5c302f20 Thread added: 0x0000012e5c302f20
Event: 1.025 Thread 0x0000012e5c38a220 Thread added: 0x0000012e5c38a220
Event: 1.026 Thread 0x0000012e5c388110 Thread added: 0x0000012e5c388110


Dynamic libraries:
0x00007ff711c40000 - 0x00007ff711c50000 	C:\Program Files\Java\jdk-20\bin\java.exe
0x00007ff8f43d0000 - 0x00007ff8f45c8000 	C:\Windows\SYSTEM32\ntdll.dll
0x00007ff8f31c0000 - 0x00007ff8f327d000 	C:\Windows\System32\KERNEL32.DLL
0x00007ff8f1b40000 - 0x00007ff8f1e36000 	C:\Windows\System32\KERNELBASE.dll
0x00007ff8f2080000 - 0x00007ff8f2180000 	C:\Windows\System32\ucrtbase.dll
0x00007ff8e1d80000 - 0x00007ff8e1d99000 	C:\Program Files\Java\jdk-20\bin\jli.dll
0x00007ff8e0700000 - 0x00007ff8e071b000 	C:\Program Files\Java\jdk-20\bin\VCRUNTIME140.dll
0x00007ff8f2430000 - 0x00007ff8f24de000 	C:\Windows\System32\ADVAPI32.dll
0x00007ff8f4110000 - 0x00007ff8f41ae000 	C:\Windows\System32\msvcrt.dll
0x00007ff8f4000000 - 0x00007ff8f409c000 	C:\Windows\System32\sechost.dll
0x00007ff8f3ed0000 - 0x00007ff8f3ff6000 	C:\Windows\System32\RPCRT4.dll
0x00007ff8f3b40000 - 0x00007ff8f3cde000 	C:\Windows\System32\USER32.dll
0x00007ff8e6e70000 - 0x00007ff8e710a000 	C:\Windows\WinSxS\amd64_microsoft.windows.common-controls_6595b64144ccf1df_6.0.19041.1110_none_60b5254171f9507e\COMCTL32.dll
0x00007ff8f22a0000 - 0x00007ff8f22c2000 	C:\Windows\System32\win32u.dll
0x00007ff8f4360000 - 0x00007ff8f438c000 	C:\Windows\System32\GDI32.dll
0x00007ff8f2180000 - 0x00007ff8f229a000 	C:\Windows\System32\gdi32full.dll
0x00007ff8f1fe0000 - 0x00007ff8f207d000 	C:\Windows\System32\msvcp_win.dll
0x00007ff8e9280000 - 0x00007ff8e928a000 	C:\Windows\SYSTEM32\VERSION.dll
0x00007ff8f3b10000 - 0x00007ff8f3b40000 	C:\Windows\System32\IMM32.DLL
0x00007ff8e68f0000 - 0x00007ff8e68fc000 	C:\Program Files\Java\jdk-20\bin\vcruntime140_1.dll
0x00007ff8ca780000 - 0x00007ff8ca80e000 	C:\Program Files\Java\jdk-20\bin\msvcp140.dll
0x00007ff88d990000 - 0x00007ff88e628000 	C:\Program Files\Java\jdk-20\bin\server\jvm.dll
0x00007ff8e6b90000 - 0x00007ff8e6b99000 	C:\Windows\SYSTEM32\WSOCK32.dll
0x00007ff8e1790000 - 0x00007ff8e17b7000 	C:\Windows\SYSTEM32\WINMM.dll
0x00007ff8f2ce0000 - 0x00007ff8f2d4b000 	C:\Windows\System32\WS2_32.dll
0x00007ff8ef960000 - 0x00007ff8ef972000 	C:\Windows\SYSTEM32\kernel.appcore.dll
0x00007ff8e68c0000 - 0x00007ff8e68ca000 	C:\Program Files\Java\jdk-20\bin\jimage.dll
0x00007ff8e0310000 - 0x00007ff8e04f4000 	C:\Windows\SYSTEM32\DBGHELP.DLL
0x00007ff8ecfa0000 - 0x00007ff8ecfd4000 	C:\Windows\SYSTEM32\dbgcore.DLL
0x00007ff8f1ab0000 - 0x00007ff8f1b32000 	C:\Windows\System32\bcryptPrimitives.dll
0x00007ff8e4300000 - 0x00007ff8e430e000 	C:\Program Files\Java\jdk-20\bin\instrument.dll
0x00007ff8d7630000 - 0x00007ff8d7656000 	C:\Program Files\Java\jdk-20\bin\java.dll
0x00007ff8a5380000 - 0x00007ff8a5457000 	C:\Program Files\Java\jdk-20\bin\jsvml.dll
0x00007ff8f3280000 - 0x00007ff8f39c5000 	C:\Windows\System32\SHELL32.dll
0x00007ff8efb60000 - 0x00007ff8f02fb000 	C:\Windows\SYSTEM32\windows.storage.dll
0x00007ff8f2720000 - 0x00007ff8f2a74000 	C:\Windows\System32\combase.dll
0x00007ff8f14f0000 - 0x00007ff8f151e000 	C:\Windows\SYSTEM32\Wldp.dll
0x00007ff8f2b60000 - 0x00007ff8f2c0d000 	C:\Windows\System32\SHCORE.dll
0x00007ff8f2b00000 - 0x00007ff8f2b55000 	C:\Windows\System32\shlwapi.dll
0x00007ff8f19e0000 - 0x00007ff8f1a05000 	C:\Windows\SYSTEM32\profapi.dll
0x00007ff8d49b0000 - 0x00007ff8d49c8000 	C:\Program Files\Java\jdk-20\bin\zip.dll
0x00007ff8e0080000 - 0x00007ff8e0093000 	C:\Program Files\Java\jdk-20\bin\net.dll
0x00007ff8ec2d0000 - 0x00007ff8ec3da000 	C:\Windows\SYSTEM32\WINHTTP.dll
0x00007ff8f1250000 - 0x00007ff8f12ba000 	C:\Windows\system32\mswsock.dll
0x00007ff8d6000000 - 0x00007ff8d6016000 	C:\Program Files\Java\jdk-20\bin\nio.dll
0x00007ff8d29f0000 - 0x00007ff8d2a0a000 	C:\Program Files\JetBrains\IntelliJ IDEA Community Edition 2023.2.1\bin\breakgen64.dll
0x00007ff8e3e30000 - 0x00007ff8e3e37000 	C:\Program Files\Java\jdk-20\bin\extnet.dll

dbghelp: loaded successfully - version: 4.0.5 - missing functions: none
symbol engine: initialized successfully - sym options: 0x614 - pdb path: .;C:\Program Files\Java\jdk-20\bin;C:\Windows\SYSTEM32;C:\Windows\WinSxS\amd64_microsoft.windows.common-controls_6595b64144ccf1df_6.0.19041.1110_none_60b5254171f9507e;C:\Program Files\Java\jdk-20\bin\server;C:\Program Files\JetBrains\IntelliJ IDEA Community Edition 2023.2.1\bin

VM Arguments:
jvm_args: -javaagent:C:\Program Files\JetBrains\IntelliJ IDEA Community Edition 2023.2.1\lib\idea_rt.jar=49586:C:\Program Files\JetBrains\IntelliJ IDEA Community Edition 2023.2.1\bin -Dfile.encoding=UTF-8 -Dsun.stdout.encoding=UTF-8 -Dsun.stderr.encoding=UTF-8 
java_command: Main
java_class_path (initial): H:\kodlama\intellij\Patika\Week-1\AsalSayiRecursive\out\production\AsalSayiRecursive
Launcher Type: SUN_STANDARD

[Global flags]
     intx CICompilerCount                          = 4                                         {product} {ergonomic}
     uint ConcGCThreads                            = 3                                         {product} {ergonomic}
     uint G1ConcRefinementThreads                  = 10                                        {product} {ergonomic}
   size_t G1HeapRegionSize                         = 4194304                                   {product} {ergonomic}
    uintx GCDrainStackTargetSize                   = 64                                        {product} {ergonomic}
   size_t InitialHeapSize                          = 536870912                                 {product} {ergonomic}
   size_t MarkStackSize                            = 4194304                                   {product} {ergonomic}
   size_t MaxHeapSize                              = 8577351680                                {product} {ergonomic}
   size_t MaxNewSize                               = 5146411008                                {product} {ergonomic}
   size_t MinHeapDeltaBytes                        = 4194304                                   {product} {ergonomic}
   size_t MinHeapSize                              = 8388608                                   {product} {ergonomic}
    uintx NonNMethodCodeHeapSize                   = 5839372                                {pd product} {ergonomic}
    uintx NonProfiledCodeHeapSize                  = 122909434                              {pd product} {ergonomic}
    uintx ProfiledCodeHeapSize                     = 122909434                              {pd product} {ergonomic}
    uintx ReservedCodeCacheSize                    = 251658240                              {pd product} {ergonomic}
     bool SegmentedCodeCache                       = true                                      {product} {ergonomic}
   size_t SoftMaxHeapSize                          = 8577351680                             {manageable} {ergonomic}
     bool UseCompressedClassPointers               = true                           {product lp64_product} {ergonomic}
     bool UseCompressedOops                        = true                           {product lp64_product} {ergonomic}
     bool UseG1GC                                  = true                                      {product} {ergonomic}
     bool UseLargePagesIndividualAllocation        = false                                  {pd product} {ergonomic}

Logging:
Log output configuration:
 #0: stdout all=warning uptime,level,tags foldmultilines=false
 #1: stderr all=off uptime,level,tags foldmultilines=false

Environment Variables:
PATH=C:\Program Files\Common Files\Oracle\Java\javapath;C:\Windows\system32;C:\Windows;C:\Windows\System32\Wbem;C:\Windows\System32\WindowsPowerShell\v1.0\;C:\Windows\System32\OpenSSH\;C:\Program Files\NVIDIA Corporation\NVIDIA NvDLISR;C:\Program Files (x86)\NVIDIA Corporation\PhysX\Common;C:\Program Files\dotnet\;C:\Program Files\Git\cmd;;;F:\streamlink\bin;C:\Users\ydbil\AppData\Local\Programs\Streamlink\bin;C:\Users\ydbil\AppData\Local\Microsoft\WindowsApps;C:\Users\ydbil\AppData\Local\Programs\Microsoft VS Code\bin;C:\Users\ydbil\AppData\Local\GitHubDesktop\bin
USERNAME=ydbil
OS=Windows_NT
PROCESSOR_IDENTIFIER=AMD64 Family 25 Model 33 Stepping 0, AuthenticAMD
TMP=C:\Users\ydbil\AppData\Local\Temp
TEMP=C:\Users\ydbil\AppData\Local\Temp




---------------  S Y S T E M  ---------------

OS:
 Windows 10 , 64 bit Build 19041 (10.0.19041.3393)
OS uptime: 2 days 3:46 hours

CPU: total 12 (initial active 12) (12 cores per cpu, 2 threads per core) family 25 model 33 stepping 0 microcode 0x0, cx8, cmov, fxsr, ht, mmx, 3dnowpref, sse, sse2, sse3, ssse3, sse4a, sse4.1, sse4.2, popcnt, lzcnt, tsc, tscinvbit, avx, avx2, aes, erms, clmul, bmi1, bmi2, adx, sha, fma, vzeroupper, clflush, clflushopt, rdtscp, rdpid, fsrm, f16c, pku, cet_ss

Memory: 4k page, system-wide physical 32709M (17406M free)
TotalPageFile size 34757M (AvailPageFile size 11333M)
current process WorkingSet (physical memory assigned to process): 74M, peak: 74M
current process commit charge ("private bytes"): 627M, peak: 634M

vm_info: Java HotSpot(TM) 64-Bit Server VM (20.0.2+9-78) for windows-amd64 JRE (20.0.2+9-78), built on 2023-06-14T10:08:48Z by "mach5one" with MS VC++ 17.1 (VS2022)

END.
